#
# There is insufficient memory for the Java Runtime Environment to continue.
# Native memory allocation (malloc) failed to allocate 1788016 bytes for Chunk::new
# Possible reasons:
#   The system is out of physical RAM or swap space
#   The process is running with CompressedOops enabled, and the Java Heap may be blocking the growth of the native heap
# Possible solutions:
#   Reduce memory load on the system
#   Increase physical memory or swap space
#   Check if swap backing store is full
#   Decrease Java heap size (-Xmx/-Xms)
#   Decrease number of Java threads
#   Decrease Java thread stack sizes (-Xss)
#   Set larger code cache with -XX:ReservedCodeCacheSize=
#   JVM is running with Unscaled Compressed Oops mode in which the Java heap is
#     placed in the first 4GB address space. The Java Heap base address is the
#     maximum limit for the native heap growth. Please use -XX:HeapBaseMinAddress
#     to set the Java Heap base and to place the Java Heap above 4GB virtual address.
# This output file may be truncated or incomplete.
#
#  Out of Memory Error (./src/hotspot/share/memory/arena.cpp:195), pid=10700, tid=11048
#
# JRE version: OpenJDK Runtime Environment Corretto-15.0.2.7.1 (15.0.2+7) (build 15.0.2+7)
# Java VM: OpenJDK 64-Bit Server VM Corretto-15.0.2.7.1 (15.0.2+7, mixed mode, sharing, tiered, compressed oops, g1 gc, windows-amd64)
# No core dump will be written. Minidumps are not enabled by default on client versions of Windows
#

---------------  S U M M A R Y ------------

Command Line: --add-opens=java.base/java.util=ALL-UNNAMED --add-opens=java.base/java.lang=ALL-UNNAMED --add-opens=java.base/java.lang.invoke=ALL-UNNAMED --add-opens=java.base/java.util=ALL-UNNAMED --add-opens=java.prefs/java.util.prefs=ALL-UNNAMED --add-opens=java.prefs/java.util.prefs=ALL-UNNAMED --add-opens=java.base/java.nio.charset=ALL-UNNAMED --add-opens=java.base/java.net=ALL-UNNAMED --add-opens=java.base/java.util.concurrent.atomic=ALL-UNNAMED -XX:MaxMetaspaceSize=256m -XX:+HeapDumpOnOutOfMemoryError -Xms256m -Xmx512m -Dfile.encoding=windows-1252 -Duser.country=IT -Duser.language=it -Duser.variant org.gradle.launcher.daemon.bootstrap.GradleDaemon 7.4.2

Host: Intel(R) Core(TM) i5-8265U CPU @ 1.60GHz, 8 cores, 7G,  Windows 10 , 64 bit Build 22621 (10.0.22621.1635)
Time: Thu Jun  1 16:45:37 2023 ora legale Europa occidentale elapsed time: 7.258533 seconds (0d 0h 0m 7s)

---------------  T H R E A D  ---------------

Current thread (0x000001d09b164d20):  JavaThread "C2 CompilerThread0" daemon [_thread_in_native, id=11048, stack(0x0000005a35900000,0x0000005a35a00000)]


Current CompileTask:
C2:   7258 2519       4       java.net.URLClassLoader$1::run (5 bytes)

Stack: [0x0000005a35900000,0x0000005a35a00000]
Native frames: (J=compiled Java code, j=interpreted, Vv=VM code, C=native code)
V  [jvm.dll+0x5f7aea]
V  [jvm.dll+0x7978c9]
V  [jvm.dll+0x799023]
V  [jvm.dll+0x799673]
V  [jvm.dll+0x1fc4f8]
V  [jvm.dll+0x996aa]
V  [jvm.dll+0x99d9c]
V  [jvm.dll+0x30fdb8]
V  [jvm.dll+0x2d9258]
V  [jvm.dll+0x2d85ba]
V  [jvm.dll+0x1d2139]
V  [jvm.dll+0x1d1578]
V  [jvm.dll+0x164597]
V  [jvm.dll+0x1e0454]
V  [jvm.dll+0x1de59b]
V  [jvm.dll+0x75c4ad]
V  [jvm.dll+0x7553aa]
V  [jvm.dll+0x5f6896]
C  [ucrtbase.dll+0x29363]
C  [KERNEL32.DLL+0x126ad]
C  [ntdll.dll+0x5a9f8]


---------------  P R O C E S S  ---------------

Threads class SMR info:
_java_thread_list=0x000001d09e1b7fd0, length=32, elements={
0x000001d0ffb9fb80, 0x000001d09b13f960, 0x000001d09b142bc0, 0x000001d09b15e9d0,
0x000001d09b1619f0, 0x000001d09b15f370, 0x000001d09b164d20, 0x000001d09b1678d0,
0x000001d09b18cc40, 0x000001d09b161520, 0x000001d09b15fd10, 0x000001d09b1606b0,
0x000001d09b15e030, 0x000001d09b161050, 0x000001d09b15e500, 0x000001d09b1601e0,
0x000001d09b15eea0, 0x000001d09b15f840, 0x000001d09b160b80, 0x000001d09d3551b0,
0x000001d09d355680, 0x000001d09d3539a0, 0x000001d09d354810, 0x000001d09d353e70,
0x000001d09d3581d0, 0x000001d09d353000, 0x000001d09d3586a0, 0x000001d09d3569c0,
0x000001d09d359040, 0x000001d09d355b50, 0x000001d09d3599e0, 0x000001d09d358b70
}

Java Threads: ( => current thread )
  0x000001d0ffb9fb80 JavaThread "main" [_thread_blocked, id=12192, stack(0x0000005a34d00000,0x0000005a34e00000)]
  0x000001d09b13f960 JavaThread "Reference Handler" daemon [_thread_blocked, id=14380, stack(0x0000005a35400000,0x0000005a35500000)]
  0x000001d09b142bc0 JavaThread "Finalizer" daemon [_thread_blocked, id=8056, stack(0x0000005a35500000,0x0000005a35600000)]
  0x000001d09b15e9d0 JavaThread "Signal Dispatcher" daemon [_thread_blocked, id=14068, stack(0x0000005a35600000,0x0000005a35700000)]
  0x000001d09b1619f0 JavaThread "Attach Listener" daemon [_thread_blocked, id=20600, stack(0x0000005a35700000,0x0000005a35800000)]
  0x000001d09b15f370 JavaThread "Service Thread" daemon [_thread_blocked, id=300, stack(0x0000005a35800000,0x0000005a35900000)]
=>0x000001d09b164d20 JavaThread "C2 CompilerThread0" daemon [_thread_in_native, id=11048, stack(0x0000005a35900000,0x0000005a35a00000)]
  0x000001d09b1678d0 JavaThread "C1 CompilerThread0" daemon [_thread_blocked, id=27924, stack(0x0000005a35a00000,0x0000005a35b00000)]
  0x000001d09b18cc40 JavaThread "Sweeper thread" daemon [_thread_blocked, id=4192, stack(0x0000005a35b00000,0x0000005a35c00000)]
  0x000001d09b161520 JavaThread "Common-Cleaner" daemon [_thread_blocked, id=14392, stack(0x0000005a35c00000,0x0000005a35d00000)]
  0x000001d09b15fd10 JavaThread "Notification Thread" daemon [_thread_blocked, id=7128, stack(0x0000005a35d00000,0x0000005a35e00000)]
  0x000001d09b1606b0 JavaThread "Daemon health stats" [_thread_blocked, id=9972, stack(0x0000005a36500000,0x0000005a36600000)]
  0x000001d09b15e030 JavaThread "Incoming local TCP Connector on port 44188" [_thread_in_native, id=4944, stack(0x0000005a36600000,0x0000005a36700000)]
  0x000001d09b161050 JavaThread "Daemon periodic checks" [_thread_blocked, id=23088, stack(0x0000005a36700000,0x0000005a36800000)]
  0x000001d09b15e500 JavaThread "Daemon" [_thread_blocked, id=25484, stack(0x0000005a36800000,0x0000005a36900000)]
  0x000001d09b1601e0 JavaThread "Handler for socket connection from /127.0.0.1:44188 to /127.0.0.1:44189" [_thread_in_native, id=11856, stack(0x0000005a36900000,0x0000005a36a00000)]
  0x000001d09b15eea0 JavaThread "Cancel handler" [_thread_blocked, id=20632, stack(0x0000005a36a00000,0x0000005a36b00000)]
  0x000001d09b15f840 JavaThread "Daemon worker" [_thread_in_native, id=13112, stack(0x0000005a36b00000,0x0000005a36c00000)]
  0x000001d09b160b80 JavaThread "Asynchronous log dispatcher for DefaultDaemonConnection: socket connection from /127.0.0.1:44188 to /127.0.0.1:44189" [_thread_blocked, id=10096, stack(0x0000005a36c00000,0x0000005a36d00000)]
  0x000001d09d3551b0 JavaThread "Stdin handler" [_thread_blocked, id=22916, stack(0x0000005a36d00000,0x0000005a36e00000)]
  0x000001d09d355680 JavaThread "Daemon client event forwarder" [_thread_blocked, id=8304, stack(0x0000005a36e00000,0x0000005a36f00000)]
  0x000001d09d3539a0 JavaThread "Cache worker for journal cache (C:\Users\My\.gradle\caches\journal-1)" [_thread_blocked, id=25844, stack(0x0000005a35f00000,0x0000005a36000000)]
  0x000001d09d354810 JavaThread "File lock request listener" [_thread_in_native, id=12916, stack(0x0000005a36f00000,0x0000005a37000000)]
  0x000001d09d353e70 JavaThread "Cache worker for file hash cache (C:\Users\My\.gradle\caches\7.4.2\fileHashes)" [_thread_blocked, id=14160, stack(0x0000005a37000000,0x0000005a37100000)]
  0x000001d09d3581d0 JavaThread "File lock release action executor" [_thread_blocked, id=26096, stack(0x0000005a37100000,0x0000005a37200000)]
  0x000001d09d353000 JavaThread "File watcher server" daemon [_thread_in_native, id=6920, stack(0x0000005a37200000,0x0000005a37300000)]
  0x000001d09d3586a0 JavaThread "File watcher consumer" daemon [_thread_blocked, id=26876, stack(0x0000005a37300000,0x0000005a37400000)]
  0x000001d09d3569c0 JavaThread "Cache worker for checksums cache (D:\Documenti\issLab23-ManciniLetizia\unibo.basicrobot23\.gradle\7.4.2\checksums)" [_thread_blocked, id=26420, stack(0x0000005a37400000,0x0000005a37500000)]
  0x000001d09d359040 JavaThread "Cache worker for cache directory md-rule (C:\Users\My\.gradle\caches\7.4.2\md-rule)" [_thread_blocked, id=28180, stack(0x0000005a37500000,0x0000005a37600000)]
  0x000001d09d355b50 JavaThread "Cache worker for file hash cache (D:\Documenti\issLab23-ManciniLetizia\unibo.basicrobot23\.gradle\7.4.2\fileHashes)" [_thread_blocked, id=26832, stack(0x0000005a37900000,0x0000005a37a00000)]
  0x000001d09d3599e0 JavaThread "Cache worker for cache directory md-supplier (C:\Users\My\.gradle\caches\7.4.2\md-supplier)" [_thread_blocked, id=25192, stack(0x0000005a37a00000,0x0000005a37b00000)]
  0x000001d09d358b70 JavaThread "Cache worker for execution history cache (C:\Users\My\.gradle\caches\7.4.2\executionHistory)" [_thread_blocked, id=17376, stack(0x0000005a37b00000,0x0000005a37c00000)]

Other Threads:
  0x000001d09b13ac90 VMThread "VM Thread" [stack: 0x0000005a35300000,0x0000005a35400000] [id=21548]
  0x000001d09bbfb040 WatcherThread [stack: 0x0000005a35e00000,0x0000005a35f00000] [id=7884]
  0x000001d0ffbc1fe0 GCTaskThread "GC Thread#0" [stack: 0x0000005a34e00000,0x0000005a34f00000] [id=14996]
  0x000001d09bfdaf30 GCTaskThread "GC Thread#1" [stack: 0x0000005a36000000,0x0000005a36100000] [id=5932]
  0x000001d09bfdac00 GCTaskThread "GC Thread#2" [stack: 0x0000005a36100000,0x0000005a36200000] [id=11496]
  0x000001d09bfdcf10 GCTaskThread "GC Thread#3" [stack: 0x0000005a36200000,0x0000005a36300000] [id=976]
  0x000001d09bfdbf20 GCTaskThread "GC Thread#4" [stack: 0x0000005a36300000,0x0000005a36400000] [id=11072]
  0x000001d09bfdb260 GCTaskThread "GC Thread#5" [stack: 0x0000005a36400000,0x0000005a36500000] [id=28604]
  0x000001d09bfdb8c0 GCTaskThread "GC Thread#6" [stack: 0x0000005a37600000,0x0000005a37700000] [id=27536]
  0x000001d09bfdc8b0 GCTaskThread "GC Thread#7" [stack: 0x0000005a37700000,0x0000005a37800000] [id=3080]
  0x000001d0ffbc82c0 ConcurrentGCThread "G1 Main Marker" [stack: 0x0000005a34f00000,0x0000005a35000000] [id=26388]
  0x000001d0ffbc8f30 ConcurrentGCThread "G1 Conc#0" [stack: 0x0000005a35000000,0x0000005a35100000] [id=10800]
  0x000001d09bfda270 ConcurrentGCThread "G1 Conc#1" [stack: 0x0000005a37800000,0x0000005a37900000] [id=6908]
  0x000001d0ffc6da50 ConcurrentGCThread "G1 Refine#0" [stack: 0x0000005a35100000,0x0000005a35200000] [id=27512]
  0x000001d0ffc6e410 ConcurrentGCThread "G1 Young RemSet Sampling" [stack: 0x0000005a35200000,0x0000005a35300000] [id=14444]

Threads with active compile tasks:
C2 CompilerThread0     7321 2519       4       java.net.URLClassLoader$1::run (5 bytes)

VM state: not at safepoint (normal execution)

VM Mutex/Monitor currently owned by a thread: None

Heap address: 0x00000000e0000000, size: 512 MB, Compressed Oops mode: 32-bit
CDS archive(s) mapped at: [0x0000000800000000-0x0000000800b50000-0x0000000800b50000), size 11862016, SharedBaseAddress: 0x0000000800000000, ArchiveRelocationMode: 0.
Compressed class space mapped at: 0x0000000800b50000-0x0000000810350000, size: 260046848
Narrow klass base: 0x0000000800000000, Narrow klass shift: 3, Narrow klass range: 0x100000000

GC Precious Log:
 CPUs: 8 total, 8 available
 Memory: 8043M
 Large Page Support: Disabled
 NUMA Support: Disabled
 Compressed Oops: Enabled (32-bit)
 Heap Region Size: 1M
 Heap Min Capacity: 256M
 Heap Initial Capacity: 256M
 Heap Max Capacity: 512M
 Pre-touch: Disabled
 Parallel Workers: 8
 Concurrent Workers: 2
 Concurrent Refinement Workers: 8
 Periodic GC: Disabled

Heap:
 garbage-first heap   total 262144K, used 31080K [0x00000000e0000000, 0x0000000100000000)
  region size 1024K, 23 young (23552K), 11 survivors (11264K)
 Metaspace       used 21963K, capacity 22366K, committed 22448K, reserved 274432K
  class space    used 3185K, capacity 3313K, committed 3328K, reserved 253952K

Heap Regions: E=young(eden), S=young(survivor), O=old, HS=humongous(starts), HC=humongous(continues), CS=collection set, F=free, OA=open archive, CA=closed archive, TAMS=top-at-mark-start (previous, next)
|   0|0x00000000e0000000, 0x00000000e0100000, 0x00000000e0100000|100%| O|  |TAMS 0x00000000e0100000, 0x00000000e0000000| Untracked 
|   1|0x00000000e0100000, 0x00000000e0200000, 0x00000000e0200000|100%| O|  |TAMS 0x00000000e0200000, 0x00000000e0100000| Untracked 
|   2|0x00000000e0200000, 0x00000000e022e200, 0x00000000e0300000| 18%| O|  |TAMS 0x00000000e022e200, 0x00000000e0200000| Untracked 
|   3|0x00000000e0300000, 0x00000000e0400000, 0x00000000e0400000|100%|HS|  |TAMS 0x00000000e0400000, 0x00000000e0300000| Complete 
|   4|0x00000000e0400000, 0x00000000e0500000, 0x00000000e0500000|100%|HC|  |TAMS 0x00000000e0500000, 0x00000000e0400000| Complete 
|   5|0x00000000e0500000, 0x00000000e0600000, 0x00000000e0600000|100%|HC|  |TAMS 0x00000000e0600000, 0x00000000e0500000| Complete 
|   6|0x00000000e0600000, 0x00000000e0700000, 0x00000000e0700000|100%| O|  |TAMS 0x00000000e0700000, 0x00000000e0600000| Untracked 
|   7|0x00000000e0700000, 0x00000000e0800000, 0x00000000e0800000|100%| O|  |TAMS 0x00000000e0800000, 0x00000000e0700000| Untracked 
|   8|0x00000000e0800000, 0x00000000e0900000, 0x00000000e0900000|100%| O|  |TAMS 0x00000000e0900000, 0x00000000e0800000| Untracked 
|   9|0x00000000e0900000, 0x00000000e0a00000, 0x00000000e0a00000|100%| O|  |TAMS 0x00000000e0a00000, 0x00000000e0900000| Untracked 
|  10|0x00000000e0a00000, 0x00000000e0a00000, 0x00000000e0b00000|  0%| F|  |TAMS 0x00000000e0a00000, 0x00000000e0a00000| Untracked 
|  11|0x00000000e0b00000, 0x00000000e0b00000, 0x00000000e0c00000|  0%| F|  |TAMS 0x00000000e0b00000, 0x00000000e0b00000| Untracked 
|  12|0x00000000e0c00000, 0x00000000e0c00000, 0x00000000e0d00000|  0%| F|  |TAMS 0x00000000e0c00000, 0x00000000e0c00000| Untracked 
|  13|0x00000000e0d00000, 0x00000000e0d00000, 0x00000000e0e00000|  0%| F|  |TAMS 0x00000000e0d00000, 0x00000000e0d00000| Untracked 
|  14|0x00000000e0e00000, 0x00000000e0e00000, 0x00000000e0f00000|  0%| F|  |TAMS 0x00000000e0e00000, 0x00000000e0e00000| Untracked 
|  15|0x00000000e0f00000, 0x00000000e0f00000, 0x00000000e1000000|  0%| F|  |TAMS 0x00000000e0f00000, 0x00000000e0f00000| Untracked 
|  16|0x00000000e1000000, 0x00000000e1000000, 0x00000000e1100000|  0%| F|  |TAMS 0x00000000e1000000, 0x00000000e1000000| Untracked 
|  17|0x00000000e1100000, 0x00000000e1100000, 0x00000000e1200000|  0%| F|  |TAMS 0x00000000e1100000, 0x00000000e1100000| Untracked 
|  18|0x00000000e1200000, 0x00000000e1200000, 0x00000000e1300000|  0%| F|  |TAMS 0x00000000e1200000, 0x00000000e1200000| Untracked 
|  19|0x00000000e1300000, 0x00000000e1300000, 0x00000000e1400000|  0%| F|  |TAMS 0x00000000e1300000, 0x00000000e1300000| Untracked 
|  20|0x00000000e1400000, 0x00000000e1400000, 0x00000000e1500000|  0%| F|  |TAMS 0x00000000e1400000, 0x00000000e1400000| Untracked 
|  21|0x00000000e1500000, 0x00000000e1500000, 0x00000000e1600000|  0%| F|  |TAMS 0x00000000e1500000, 0x00000000e1500000| Untracked 
|  22|0x00000000e1600000, 0x00000000e1600000, 0x00000000e1700000|  0%| F|  |TAMS 0x00000000e1600000, 0x00000000e1600000| Untracked 
|  23|0x00000000e1700000, 0x00000000e1700000, 0x00000000e1800000|  0%| F|  |TAMS 0x00000000e1700000, 0x00000000e1700000| Untracked 
|  24|0x00000000e1800000, 0x00000000e1800000, 0x00000000e1900000|  0%| F|  |TAMS 0x00000000e1800000, 0x00000000e1800000| Untracked 
|  25|0x00000000e1900000, 0x00000000e1900000, 0x00000000e1a00000|  0%| F|  |TAMS 0x00000000e1900000, 0x00000000e1900000| Untracked 
|  26|0x00000000e1a00000, 0x00000000e1a00000, 0x00000000e1b00000|  0%| F|  |TAMS 0x00000000e1a00000, 0x00000000e1a00000| Untracked 
|  27|0x00000000e1b00000, 0x00000000e1b00000, 0x00000000e1c00000|  0%| F|  |TAMS 0x00000000e1b00000, 0x00000000e1b00000| Untracked 
|  28|0x00000000e1c00000, 0x00000000e1c00000, 0x00000000e1d00000|  0%| F|  |TAMS 0x00000000e1c00000, 0x00000000e1c00000| Untracked 
|  29|0x00000000e1d00000, 0x00000000e1d00000, 0x00000000e1e00000|  0%| F|  |TAMS 0x00000000e1d00000, 0x00000000e1d00000| Untracked 
|  30|0x00000000e1e00000, 0x00000000e1e00000, 0x00000000e1f00000|  0%| F|  |TAMS 0x00000000e1e00000, 0x00000000e1e00000| Untracked 
|  31|0x00000000e1f00000, 0x00000000e1f00000, 0x00000000e2000000|  0%| F|  |TAMS 0x00000000e1f00000, 0x00000000e1f00000| Untracked 
|  32|0x00000000e2000000, 0x00000000e2000000, 0x00000000e2100000|  0%| F|  |TAMS 0x00000000e2000000, 0x00000000e2000000| Untracked 
|  33|0x00000000e2100000, 0x00000000e2100000, 0x00000000e2200000|  0%| F|  |TAMS 0x00000000e2100000, 0x00000000e2100000| Untracked 
|  34|0x00000000e2200000, 0x00000000e2200000, 0x00000000e2300000|  0%| F|  |TAMS 0x00000000e2200000, 0x00000000e2200000| Untracked 
|  35|0x00000000e2300000, 0x00000000e2300000, 0x00000000e2400000|  0%| F|  |TAMS 0x00000000e2300000, 0x00000000e2300000| Untracked 
|  36|0x00000000e2400000, 0x00000000e2400000, 0x00000000e2500000|  0%| F|  |TAMS 0x00000000e2400000, 0x00000000e2400000| Untracked 
|  37|0x00000000e2500000, 0x00000000e2500000, 0x00000000e2600000|  0%| F|  |TAMS 0x00000000e2500000, 0x00000000e2500000| Untracked 
|  38|0x00000000e2600000, 0x00000000e2600000, 0x00000000e2700000|  0%| F|  |TAMS 0x00000000e2600000, 0x00000000e2600000| Untracked 
|  39|0x00000000e2700000, 0x00000000e2700000, 0x00000000e2800000|  0%| F|  |TAMS 0x00000000e2700000, 0x00000000e2700000| Untracked 
|  40|0x00000000e2800000, 0x00000000e2800000, 0x00000000e2900000|  0%| F|  |TAMS 0x00000000e2800000, 0x00000000e2800000| Untracked 
|  41|0x00000000e2900000, 0x00000000e2900000, 0x00000000e2a00000|  0%| F|  |TAMS 0x00000000e2900000, 0x00000000e2900000| Untracked 
|  42|0x00000000e2a00000, 0x00000000e2a00000, 0x00000000e2b00000|  0%| F|  |TAMS 0x00000000e2a00000, 0x00000000e2a00000| Untracked 
|  43|0x00000000e2b00000, 0x00000000e2b00000, 0x00000000e2c00000|  0%| F|  |TAMS 0x00000000e2b00000, 0x00000000e2b00000| Untracked 
|  44|0x00000000e2c00000, 0x00000000e2c00000, 0x00000000e2d00000|  0%| F|  |TAMS 0x00000000e2c00000, 0x00000000e2c00000| Untracked 
|  45|0x00000000e2d00000, 0x00000000e2d00000, 0x00000000e2e00000|  0%| F|  |TAMS 0x00000000e2d00000, 0x00000000e2d00000| Untracked 
|  46|0x00000000e2e00000, 0x00000000e2e00000, 0x00000000e2f00000|  0%| F|  |TAMS 0x00000000e2e00000, 0x00000000e2e00000| Untracked 
|  47|0x00000000e2f00000, 0x00000000e2f00000, 0x00000000e3000000|  0%| F|  |TAMS 0x00000000e2f00000, 0x00000000e2f00000| Untracked 
|  48|0x00000000e3000000, 0x00000000e3000000, 0x00000000e3100000|  0%| F|  |TAMS 0x00000000e3000000, 0x00000000e3000000| Untracked 
|  49|0x00000000e3100000, 0x00000000e3100000, 0x00000000e3200000|  0%| F|  |TAMS 0x00000000e3100000, 0x00000000e3100000| Untracked 
|  50|0x00000000e3200000, 0x00000000e3200000, 0x00000000e3300000|  0%| F|  |TAMS 0x00000000e3200000, 0x00000000e3200000| Untracked 
|  51|0x00000000e3300000, 0x00000000e3300000, 0x00000000e3400000|  0%| F|  |TAMS 0x00000000e3300000, 0x00000000e3300000| Untracked 
|  52|0x00000000e3400000, 0x00000000e3400000, 0x00000000e3500000|  0%| F|  |TAMS 0x00000000e3400000, 0x00000000e3400000| Untracked 
|  53|0x00000000e3500000, 0x00000000e3500000, 0x00000000e3600000|  0%| F|  |TAMS 0x00000000e3500000, 0x00000000e3500000| Untracked 
|  54|0x00000000e3600000, 0x00000000e3600000, 0x00000000e3700000|  0%| F|  |TAMS 0x00000000e3600000, 0x00000000e3600000| Untracked 
|  55|0x00000000e3700000, 0x00000000e3700000, 0x00000000e3800000|  0%| F|  |TAMS 0x00000000e3700000, 0x00000000e3700000| Untracked 
|  56|0x00000000e3800000, 0x00000000e3800000, 0x00000000e3900000|  0%| F|  |TAMS 0x00000000e3800000, 0x00000000e3800000| Untracked 
|  57|0x00000000e3900000, 0x00000000e3900000, 0x00000000e3a00000|  0%| F|  |TAMS 0x00000000e3900000, 0x00000000e3900000| Untracked 
|  58|0x00000000e3a00000, 0x00000000e3a00000, 0x00000000e3b00000|  0%| F|  |TAMS 0x00000000e3a00000, 0x00000000e3a00000| Untracked 
|  59|0x00000000e3b00000, 0x00000000e3b00000, 0x00000000e3c00000|  0%| F|  |TAMS 0x00000000e3b00000, 0x00000000e3b00000| Untracked 
|  60|0x00000000e3c00000, 0x00000000e3c00000, 0x00000000e3d00000|  0%| F|  |TAMS 0x00000000e3c00000, 0x00000000e3c00000| Untracked 
|  61|0x00000000e3d00000, 0x00000000e3d00000, 0x00000000e3e00000|  0%| F|  |TAMS 0x00000000e3d00000, 0x00000000e3d00000| Untracked 
|  62|0x00000000e3e00000, 0x00000000e3e00000, 0x00000000e3f00000|  0%| F|  |TAMS 0x00000000e3e00000, 0x00000000e3e00000| Untracked 
|  63|0x00000000e3f00000, 0x00000000e3f00000, 0x00000000e4000000|  0%| F|  |TAMS 0x00000000e3f00000, 0x00000000e3f00000| Untracked 
|  64|0x00000000e4000000, 0x00000000e4000000, 0x00000000e4100000|  0%| F|  |TAMS 0x00000000e4000000, 0x00000000e4000000| Untracked 
|  65|0x00000000e4100000, 0x00000000e4100000, 0x00000000e4200000|  0%| F|  |TAMS 0x00000000e4100000, 0x00000000e4100000| Untracked 
|  66|0x00000000e4200000, 0x00000000e4200000, 0x00000000e4300000|  0%| F|  |TAMS 0x00000000e4200000, 0x00000000e4200000| Untracked 
|  67|0x00000000e4300000, 0x00000000e4300000, 0x00000000e4400000|  0%| F|  |TAMS 0x00000000e4300000, 0x00000000e4300000| Untracked 
|  68|0x00000000e4400000, 0x00000000e4400000, 0x00000000e4500000|  0%| F|  |TAMS 0x00000000e4400000, 0x00000000e4400000| Untracked 
|  69|0x00000000e4500000, 0x00000000e4500000, 0x00000000e4600000|  0%| F|  |TAMS 0x00000000e4500000, 0x00000000e4500000| Untracked 
|  70|0x00000000e4600000, 0x00000000e4600000, 0x00000000e4700000|  0%| F|  |TAMS 0x00000000e4600000, 0x00000000e4600000| Untracked 
|  71|0x00000000e4700000, 0x00000000e4700000, 0x00000000e4800000|  0%| F|  |TAMS 0x00000000e4700000, 0x00000000e4700000| Untracked 
|  72|0x00000000e4800000, 0x00000000e4800000, 0x00000000e4900000|  0%| F|  |TAMS 0x00000000e4800000, 0x00000000e4800000| Untracked 
|  73|0x00000000e4900000, 0x00000000e4900000, 0x00000000e4a00000|  0%| F|  |TAMS 0x00000000e4900000, 0x00000000e4900000| Untracked 
|  74|0x00000000e4a00000, 0x00000000e4a00000, 0x00000000e4b00000|  0%| F|  |TAMS 0x00000000e4a00000, 0x00000000e4a00000| Untracked 
|  75|0x00000000e4b00000, 0x00000000e4b00000, 0x00000000e4c00000|  0%| F|  |TAMS 0x00000000e4b00000, 0x00000000e4b00000| Untracked 
|  76|0x00000000e4c00000, 0x00000000e4c00000, 0x00000000e4d00000|  0%| F|  |TAMS 0x00000000e4c00000, 0x00000000e4c00000| Untracked 
|  77|0x00000000e4d00000, 0x00000000e4d00000, 0x00000000e4e00000|  0%| F|  |TAMS 0x00000000e4d00000, 0x00000000e4d00000| Untracked 
|  78|0x00000000e4e00000, 0x00000000e4e00000, 0x00000000e4f00000|  0%| F|  |TAMS 0x00000000e4e00000, 0x00000000e4e00000| Untracked 
|  79|0x00000000e4f00000, 0x00000000e4f00000, 0x00000000e5000000|  0%| F|  |TAMS 0x00000000e4f00000, 0x00000000e4f00000| Untracked 
|  80|0x00000000e5000000, 0x00000000e5000000, 0x00000000e5100000|  0%| F|  |TAMS 0x00000000e5000000, 0x00000000e5000000| Untracked 
|  81|0x00000000e5100000, 0x00000000e5100000, 0x00000000e5200000|  0%| F|  |TAMS 0x00000000e5100000, 0x00000000e5100000| Untracked 
|  82|0x00000000e5200000, 0x00000000e5200000, 0x00000000e5300000|  0%| F|  |TAMS 0x00000000e5200000, 0x00000000e5200000| Untracked 
|  83|0x00000000e5300000, 0x00000000e5300000, 0x00000000e5400000|  0%| F|  |TAMS 0x00000000e5300000, 0x00000000e5300000| Untracked 
|  84|0x00000000e5400000, 0x00000000e5400000, 0x00000000e5500000|  0%| F|  |TAMS 0x00000000e5400000, 0x00000000e5400000| Untracked 
|  85|0x00000000e5500000, 0x00000000e5500000, 0x00000000e5600000|  0%| F|  |TAMS 0x00000000e5500000, 0x00000000e5500000| Untracked 
|  86|0x00000000e5600000, 0x00000000e5600000, 0x00000000e5700000|  0%| F|  |TAMS 0x00000000e5600000, 0x00000000e5600000| Untracked 
|  87|0x00000000e5700000, 0x00000000e5700000, 0x00000000e5800000|  0%| F|  |TAMS 0x00000000e5700000, 0x00000000e5700000| Untracked 
|  88|0x00000000e5800000, 0x00000000e5800000, 0x00000000e5900000|  0%| F|  |TAMS 0x00000000e5800000, 0x00000000e5800000| Untracked 
|  89|0x00000000e5900000, 0x00000000e5900000, 0x00000000e5a00000|  0%| F|  |TAMS 0x00000000e5900000, 0x00000000e5900000| Untracked 
|  90|0x00000000e5a00000, 0x00000000e5a00000, 0x00000000e5b00000|  0%| F|  |TAMS 0x00000000e5a00000, 0x00000000e5a00000| Untracked 
|  91|0x00000000e5b00000, 0x00000000e5b00000, 0x00000000e5c00000|  0%| F|  |TAMS 0x00000000e5b00000, 0x00000000e5b00000| Untracked 
|  92|0x00000000e5c00000, 0x00000000e5c00000, 0x00000000e5d00000|  0%| F|  |TAMS 0x00000000e5c00000, 0x00000000e5c00000| Untracked 
|  93|0x00000000e5d00000, 0x00000000e5d00000, 0x00000000e5e00000|  0%| F|  |TAMS 0x00000000e5d00000, 0x00000000e5d00000| Untracked 
|  94|0x00000000e5e00000, 0x00000000e5e00000, 0x00000000e5f00000|  0%| F|  |TAMS 0x00000000e5e00000, 0x00000000e5e00000| Untracked 
|  95|0x00000000e5f00000, 0x00000000e5f00000, 0x00000000e6000000|  0%| F|  |TAMS 0x00000000e5f00000, 0x00000000e5f00000| Untracked 
|  96|0x00000000e6000000, 0x00000000e6000000, 0x00000000e6100000|  0%| F|  |TAMS 0x00000000e6000000, 0x00000000e6000000| Untracked 
|  97|0x00000000e6100000, 0x00000000e6100000, 0x00000000e6200000|  0%| F|  |TAMS 0x00000000e6100000, 0x00000000e6100000| Untracked 
|  98|0x00000000e6200000, 0x00000000e6200000, 0x00000000e6300000|  0%| F|  |TAMS 0x00000000e6200000, 0x00000000e6200000| Untracked 
|  99|0x00000000e6300000, 0x00000000e6300000, 0x00000000e6400000|  0%| F|  |TAMS 0x00000000e6300000, 0x00000000e6300000| Untracked 
| 100|0x00000000e6400000, 0x00000000e6400000, 0x00000000e6500000|  0%| F|  |TAMS 0x00000000e6400000, 0x00000000e6400000| Untracked 
| 101|0x00000000e6500000, 0x00000000e6500000, 0x00000000e6600000|  0%| F|  |TAMS 0x00000000e6500000, 0x00000000e6500000| Untracked 
| 102|0x00000000e6600000, 0x00000000e6600000, 0x00000000e6700000|  0%| F|  |TAMS 0x00000000e6600000, 0x00000000e6600000| Untracked 
| 103|0x00000000e6700000, 0x00000000e6700000, 0x00000000e6800000|  0%| F|  |TAMS 0x00000000e6700000, 0x00000000e6700000| Untracked 
| 104|0x00000000e6800000, 0x00000000e6800000, 0x00000000e6900000|  0%| F|  |TAMS 0x00000000e6800000, 0x00000000e6800000| Untracked 
| 105|0x00000000e6900000, 0x00000000e6900000, 0x00000000e6a00000|  0%| F|  |TAMS 0x00000000e6900000, 0x00000000e6900000| Untracked 
| 106|0x00000000e6a00000, 0x00000000e6a00000, 0x00000000e6b00000|  0%| F|  |TAMS 0x00000000e6a00000, 0x00000000e6a00000| Untracked 
| 107|0x00000000e6b00000, 0x00000000e6b00000, 0x00000000e6c00000|  0%| F|  |TAMS 0x00000000e6b00000, 0x00000000e6b00000| Untracked 
| 108|0x00000000e6c00000, 0x00000000e6c00000, 0x00000000e6d00000|  0%| F|  |TAMS 0x00000000e6c00000, 0x00000000e6c00000| Untracked 
| 109|0x00000000e6d00000, 0x00000000e6d00000, 0x00000000e6e00000|  0%| F|  |TAMS 0x00000000e6d00000, 0x00000000e6d00000| Untracked 
| 110|0x00000000e6e00000, 0x00000000e6e00000, 0x00000000e6f00000|  0%| F|  |TAMS 0x00000000e6e00000, 0x00000000e6e00000| Untracked 
| 111|0x00000000e6f00000, 0x00000000e6f00000, 0x00000000e7000000|  0%| F|  |TAMS 0x00000000e6f00000, 0x00000000e6f00000| Untracked 
| 112|0x00000000e7000000, 0x00000000e7000000, 0x00000000e7100000|  0%| F|  |TAMS 0x00000000e7000000, 0x00000000e7000000| Untracked 
| 113|0x00000000e7100000, 0x00000000e7100000, 0x00000000e7200000|  0%| F|  |TAMS 0x00000000e7100000, 0x00000000e7100000| Untracked 
| 114|0x00000000e7200000, 0x00000000e7200000, 0x00000000e7300000|  0%| F|  |TAMS 0x00000000e7200000, 0x00000000e7200000| Untracked 
| 115|0x00000000e7300000, 0x00000000e7300000, 0x00000000e7400000|  0%| F|  |TAMS 0x00000000e7300000, 0x00000000e7300000| Untracked 
| 116|0x00000000e7400000, 0x00000000e7400000, 0x00000000e7500000|  0%| F|  |TAMS 0x00000000e7400000, 0x00000000e7400000| Untracked 
| 117|0x00000000e7500000, 0x00000000e7500000, 0x00000000e7600000|  0%| F|  |TAMS 0x00000000e7500000, 0x00000000e7500000| Untracked 
| 118|0x00000000e7600000, 0x00000000e7600000, 0x00000000e7700000|  0%| F|  |TAMS 0x00000000e7600000, 0x00000000e7600000| Untracked 
| 119|0x00000000e7700000, 0x00000000e7700000, 0x00000000e7800000|  0%| F|  |TAMS 0x00000000e7700000, 0x00000000e7700000| Untracked 
| 120|0x00000000e7800000, 0x00000000e7800000, 0x00000000e7900000|  0%| F|  |TAMS 0x00000000e7800000, 0x00000000e7800000| Untracked 
| 121|0x00000000e7900000, 0x00000000e7900000, 0x00000000e7a00000|  0%| F|  |TAMS 0x00000000e7900000, 0x00000000e7900000| Untracked 
| 122|0x00000000e7a00000, 0x00000000e7a00000, 0x00000000e7b00000|  0%| F|  |TAMS 0x00000000e7a00000, 0x00000000e7a00000| Untracked 
| 123|0x00000000e7b00000, 0x00000000e7b00000, 0x00000000e7c00000|  0%| F|  |TAMS 0x00000000e7b00000, 0x00000000e7b00000| Untracked 
| 124|0x00000000e7c00000, 0x00000000e7c00000, 0x00000000e7d00000|  0%| F|  |TAMS 0x00000000e7c00000, 0x00000000e7c00000| Untracked 
| 125|0x00000000e7d00000, 0x00000000e7d00000, 0x00000000e7e00000|  0%| F|  |TAMS 0x00000000e7d00000, 0x00000000e7d00000| Untracked 
| 126|0x00000000e7e00000, 0x00000000e7e00000, 0x00000000e7f00000|  0%| F|  |TAMS 0x00000000e7e00000, 0x00000000e7e00000| Untracked 
| 127|0x00000000e7f00000, 0x00000000e7f00000, 0x00000000e8000000|  0%| F|  |TAMS 0x00000000e7f00000, 0x00000000e7f00000| Untracked 
| 128|0x00000000e8000000, 0x00000000e8000000, 0x00000000e8100000|  0%| F|  |TAMS 0x00000000e8000000, 0x00000000e8000000| Untracked 
| 129|0x00000000e8100000, 0x00000000e8100000, 0x00000000e8200000|  0%| F|  |TAMS 0x00000000e8100000, 0x00000000e8100000| Untracked 
| 130|0x00000000e8200000, 0x00000000e8200000, 0x00000000e8300000|  0%| F|  |TAMS 0x00000000e8200000, 0x00000000e8200000| Untracked 
| 131|0x00000000e8300000, 0x00000000e8300000, 0x00000000e8400000|  0%| F|  |TAMS 0x00000000e8300000, 0x00000000e8300000| Untracked 
| 132|0x00000000e8400000, 0x00000000e8400000, 0x00000000e8500000|  0%| F|  |TAMS 0x00000000e8400000, 0x00000000e8400000| Untracked 
| 133|0x00000000e8500000, 0x00000000e8500000, 0x00000000e8600000|  0%| F|  |TAMS 0x00000000e8500000, 0x00000000e8500000| Untracked 
| 134|0x00000000e8600000, 0x00000000e8600000, 0x00000000e8700000|  0%| F|  |TAMS 0x00000000e8600000, 0x00000000e8600000| Untracked 
| 135|0x00000000e8700000, 0x00000000e8700000, 0x00000000e8800000|  0%| F|  |TAMS 0x00000000e8700000, 0x00000000e8700000| Untracked 
| 136|0x00000000e8800000, 0x00000000e8800000, 0x00000000e8900000|  0%| F|  |TAMS 0x00000000e8800000, 0x00000000e8800000| Untracked 
| 137|0x00000000e8900000, 0x00000000e8900000, 0x00000000e8a00000|  0%| F|  |TAMS 0x00000000e8900000, 0x00000000e8900000| Untracked 
| 138|0x00000000e8a00000, 0x00000000e8a00000, 0x00000000e8b00000|  0%| F|  |TAMS 0x00000000e8a00000, 0x00000000e8a00000| Untracked 
| 139|0x00000000e8b00000, 0x00000000e8b00000, 0x00000000e8c00000|  0%| F|  |TAMS 0x00000000e8b00000, 0x00000000e8b00000| Untracked 
| 140|0x00000000e8c00000, 0x00000000e8c2c150, 0x00000000e8d00000| 17%| S|CS|TAMS 0x00000000e8c00000, 0x00000000e8c00000| Complete 
| 141|0x00000000e8d00000, 0x00000000e8e00000, 0x00000000e8e00000|100%| S|CS|TAMS 0x00000000e8d00000, 0x00000000e8d00000| Complete 
| 142|0x00000000e8e00000, 0x00000000e8f00000, 0x00000000e8f00000|100%| S|CS|TAMS 0x00000000e8e00000, 0x00000000e8e00000| Complete 
| 143|0x00000000e8f00000, 0x00000000e9000000, 0x00000000e9000000|100%| S|CS|TAMS 0x00000000e8f00000, 0x00000000e8f00000| Complete 
| 144|0x00000000e9000000, 0x00000000e9100000, 0x00000000e9100000|100%| S|CS|TAMS 0x00000000e9000000, 0x00000000e9000000| Complete 
| 145|0x00000000e9100000, 0x00000000e9200000, 0x00000000e9200000|100%| S|CS|TAMS 0x00000000e9100000, 0x00000000e9100000| Complete 
| 146|0x00000000e9200000, 0x00000000e9300000, 0x00000000e9300000|100%| S|CS|TAMS 0x00000000e9200000, 0x00000000e9200000| Complete 
| 147|0x00000000e9300000, 0x00000000e9400000, 0x00000000e9400000|100%| S|CS|TAMS 0x00000000e9300000, 0x00000000e9300000| Complete 
| 148|0x00000000e9400000, 0x00000000e9500000, 0x00000000e9500000|100%| S|CS|TAMS 0x00000000e9400000, 0x00000000e9400000| Complete 
| 149|0x00000000e9500000, 0x00000000e9600000, 0x00000000e9600000|100%| S|CS|TAMS 0x00000000e9500000, 0x00000000e9500000| Complete 
| 150|0x00000000e9600000, 0x00000000e9700000, 0x00000000e9700000|100%| S|CS|TAMS 0x00000000e9600000, 0x00000000e9600000| Complete 
| 151|0x00000000e9700000, 0x00000000e9700000, 0x00000000e9800000|  0%| F|  |TAMS 0x00000000e9700000, 0x00000000e9700000| Untracked 
| 152|0x00000000e9800000, 0x00000000e9800000, 0x00000000e9900000|  0%| F|  |TAMS 0x00000000e9800000, 0x00000000e9800000| Untracked 
| 153|0x00000000e9900000, 0x00000000e9900000, 0x00000000e9a00000|  0%| F|  |TAMS 0x00000000e9900000, 0x00000000e9900000| Untracked 
| 154|0x00000000e9a00000, 0x00000000e9a00000, 0x00000000e9b00000|  0%| F|  |TAMS 0x00000000e9a00000, 0x00000000e9a00000| Untracked 
| 155|0x00000000e9b00000, 0x00000000e9b00000, 0x00000000e9c00000|  0%| F|  |TAMS 0x00000000e9b00000, 0x00000000e9b00000| Untracked 
| 156|0x00000000e9c00000, 0x00000000e9c00000, 0x00000000e9d00000|  0%| F|  |TAMS 0x00000000e9c00000, 0x00000000e9c00000| Untracked 
| 157|0x00000000e9d00000, 0x00000000e9d00000, 0x00000000e9e00000|  0%| F|  |TAMS 0x00000000e9d00000, 0x00000000e9d00000| Untracked 
| 158|0x00000000e9e00000, 0x00000000e9e00000, 0x00000000e9f00000|  0%| F|  |TAMS 0x00000000e9e00000, 0x00000000e9e00000| Untracked 
| 159|0x00000000e9f00000, 0x00000000e9f00000, 0x00000000ea000000|  0%| F|  |TAMS 0x00000000e9f00000, 0x00000000e9f00000| Untracked 
| 160|0x00000000ea000000, 0x00000000ea000000, 0x00000000ea100000|  0%| F|  |TAMS 0x00000000ea000000, 0x00000000ea000000| Untracked 
| 161|0x00000000ea100000, 0x00000000ea100000, 0x00000000ea200000|  0%| F|  |TAMS 0x00000000ea100000, 0x00000000ea100000| Untracked 
| 162|0x00000000ea200000, 0x00000000ea200000, 0x00000000ea300000|  0%| F|  |TAMS 0x00000000ea200000, 0x00000000ea200000| Untracked 
| 163|0x00000000ea300000, 0x00000000ea300000, 0x00000000ea400000|  0%| F|  |TAMS 0x00000000ea300000, 0x00000000ea300000| Untracked 
| 164|0x00000000ea400000, 0x00000000ea400000, 0x00000000ea500000|  0%| F|  |TAMS 0x00000000ea400000, 0x00000000ea400000| Untracked 
| 165|0x00000000ea500000, 0x00000000ea500000, 0x00000000ea600000|  0%| F|  |TAMS 0x00000000ea500000, 0x00000000ea500000| Untracked 
| 166|0x00000000ea600000, 0x00000000ea600000, 0x00000000ea700000|  0%| F|  |TAMS 0x00000000ea600000, 0x00000000ea600000| Untracked 
| 167|0x00000000ea700000, 0x00000000ea700000, 0x00000000ea800000|  0%| F|  |TAMS 0x00000000ea700000, 0x00000000ea700000| Untracked 
| 168|0x00000000ea800000, 0x00000000ea800000, 0x00000000ea900000|  0%| F|  |TAMS 0x00000000ea800000, 0x00000000ea800000| Untracked 
| 169|0x00000000ea900000, 0x00000000ea900000, 0x00000000eaa00000|  0%| F|  |TAMS 0x00000000ea900000, 0x00000000ea900000| Untracked 
| 170|0x00000000eaa00000, 0x00000000eaa00000, 0x00000000eab00000|  0%| F|  |TAMS 0x00000000eaa00000, 0x00000000eaa00000| Untracked 
| 171|0x00000000eab00000, 0x00000000eab00000, 0x00000000eac00000|  0%| F|  |TAMS 0x00000000eab00000, 0x00000000eab00000| Untracked 
| 172|0x00000000eac00000, 0x00000000eac00000, 0x00000000ead00000|  0%| F|  |TAMS 0x00000000eac00000, 0x00000000eac00000| Untracked 
| 173|0x00000000ead00000, 0x00000000ead00000, 0x00000000eae00000|  0%| F|  |TAMS 0x00000000ead00000, 0x00000000ead00000| Untracked 
| 174|0x00000000eae00000, 0x00000000eae00000, 0x00000000eaf00000|  0%| F|  |TAMS 0x00000000eae00000, 0x00000000eae00000| Untracked 
| 175|0x00000000eaf00000, 0x00000000eaf00000, 0x00000000eb000000|  0%| F|  |TAMS 0x00000000eaf00000, 0x00000000eaf00000| Untracked 
| 176|0x00000000eb000000, 0x00000000eb000000, 0x00000000eb100000|  0%| F|  |TAMS 0x00000000eb000000, 0x00000000eb000000| Untracked 
| 177|0x00000000eb100000, 0x00000000eb100000, 0x00000000eb200000|  0%| F|  |TAMS 0x00000000eb100000, 0x00000000eb100000| Untracked 
| 178|0x00000000eb200000, 0x00000000eb200000, 0x00000000eb300000|  0%| F|  |TAMS 0x00000000eb200000, 0x00000000eb200000| Untracked 
| 179|0x00000000eb300000, 0x00000000eb300000, 0x00000000eb400000|  0%| F|  |TAMS 0x00000000eb300000, 0x00000000eb300000| Untracked 
| 180|0x00000000eb400000, 0x00000000eb400000, 0x00000000eb500000|  0%| F|  |TAMS 0x00000000eb400000, 0x00000000eb400000| Untracked 
| 181|0x00000000eb500000, 0x00000000eb500000, 0x00000000eb600000|  0%| F|  |TAMS 0x00000000eb500000, 0x00000000eb500000| Untracked 
| 182|0x00000000eb600000, 0x00000000eb600000, 0x00000000eb700000|  0%| F|  |TAMS 0x00000000eb600000, 0x00000000eb600000| Untracked 
| 183|0x00000000eb700000, 0x00000000eb700000, 0x00000000eb800000|  0%| F|  |TAMS 0x00000000eb700000, 0x00000000eb700000| Untracked 
| 184|0x00000000eb800000, 0x00000000eb800000, 0x00000000eb900000|  0%| F|  |TAMS 0x00000000eb800000, 0x00000000eb800000| Untracked 
| 185|0x00000000eb900000, 0x00000000eb900000, 0x00000000eba00000|  0%| F|  |TAMS 0x00000000eb900000, 0x00000000eb900000| Untracked 
| 186|0x00000000eba00000, 0x00000000eba00000, 0x00000000ebb00000|  0%| F|  |TAMS 0x00000000eba00000, 0x00000000eba00000| Untracked 
| 187|0x00000000ebb00000, 0x00000000ebb00000, 0x00000000ebc00000|  0%| F|  |TAMS 0x00000000ebb00000, 0x00000000ebb00000| Untracked 
| 188|0x00000000ebc00000, 0x00000000ebc00000, 0x00000000ebd00000|  0%| F|  |TAMS 0x00000000ebc00000, 0x00000000ebc00000| Untracked 
| 189|0x00000000ebd00000, 0x00000000ebd00000, 0x00000000ebe00000|  0%| F|  |TAMS 0x00000000ebd00000, 0x00000000ebd00000| Untracked 
| 190|0x00000000ebe00000, 0x00000000ebe00000, 0x00000000ebf00000|  0%| F|  |TAMS 0x00000000ebe00000, 0x00000000ebe00000| Untracked 
| 191|0x00000000ebf00000, 0x00000000ebf00000, 0x00000000ec000000|  0%| F|  |TAMS 0x00000000ebf00000, 0x00000000ebf00000| Untracked 
| 192|0x00000000ec000000, 0x00000000ec000000, 0x00000000ec100000|  0%| F|  |TAMS 0x00000000ec000000, 0x00000000ec000000| Untracked 
| 193|0x00000000ec100000, 0x00000000ec100000, 0x00000000ec200000|  0%| F|  |TAMS 0x00000000ec100000, 0x00000000ec100000| Untracked 
| 194|0x00000000ec200000, 0x00000000ec200000, 0x00000000ec300000|  0%| F|  |TAMS 0x00000000ec200000, 0x00000000ec200000| Untracked 
| 195|0x00000000ec300000, 0x00000000ec300000, 0x00000000ec400000|  0%| F|  |TAMS 0x00000000ec300000, 0x00000000ec300000| Untracked 
| 196|0x00000000ec400000, 0x00000000ec400000, 0x00000000ec500000|  0%| F|  |TAMS 0x00000000ec400000, 0x00000000ec400000| Untracked 
| 197|0x00000000ec500000, 0x00000000ec500000, 0x00000000ec600000|  0%| F|  |TAMS 0x00000000ec500000, 0x00000000ec500000| Untracked 
| 198|0x00000000ec600000, 0x00000000ec600000, 0x00000000ec700000|  0%| F|  |TAMS 0x00000000ec600000, 0x00000000ec600000| Untracked 
| 199|0x00000000ec700000, 0x00000000ec700000, 0x00000000ec800000|  0%| F|  |TAMS 0x00000000ec700000, 0x00000000ec700000| Untracked 
| 200|0x00000000ec800000, 0x00000000ec800000, 0x00000000ec900000|  0%| F|  |TAMS 0x00000000ec800000, 0x00000000ec800000| Untracked 
| 201|0x00000000ec900000, 0x00000000ec900000, 0x00000000eca00000|  0%| F|  |TAMS 0x00000000ec900000, 0x00000000ec900000| Untracked 
| 202|0x00000000eca00000, 0x00000000eca00000, 0x00000000ecb00000|  0%| F|  |TAMS 0x00000000eca00000, 0x00000000eca00000| Untracked 
| 203|0x00000000ecb00000, 0x00000000ecb00000, 0x00000000ecc00000|  0%| F|  |TAMS 0x00000000ecb00000, 0x00000000ecb00000| Untracked 
| 204|0x00000000ecc00000, 0x00000000ecc00000, 0x00000000ecd00000|  0%| F|  |TAMS 0x00000000ecc00000, 0x00000000ecc00000| Untracked 
| 205|0x00000000ecd00000, 0x00000000ecd00000, 0x00000000ece00000|  0%| F|  |TAMS 0x00000000ecd00000, 0x00000000ecd00000| Untracked 
| 206|0x00000000ece00000, 0x00000000ece00000, 0x00000000ecf00000|  0%| F|  |TAMS 0x00000000ece00000, 0x00000000ece00000| Untracked 
| 207|0x00000000ecf00000, 0x00000000ecf00000, 0x00000000ed000000|  0%| F|  |TAMS 0x00000000ecf00000, 0x00000000ecf00000| Untracked 
| 208|0x00000000ed000000, 0x00000000ed000000, 0x00000000ed100000|  0%| F|  |TAMS 0x00000000ed000000, 0x00000000ed000000| Untracked 
| 209|0x00000000ed100000, 0x00000000ed100000, 0x00000000ed200000|  0%| F|  |TAMS 0x00000000ed100000, 0x00000000ed100000| Untracked 
| 210|0x00000000ed200000, 0x00000000ed200000, 0x00000000ed300000|  0%| F|  |TAMS 0x00000000ed200000, 0x00000000ed200000| Untracked 
| 211|0x00000000ed300000, 0x00000000ed300000, 0x00000000ed400000|  0%| F|  |TAMS 0x00000000ed300000, 0x00000000ed300000| Untracked 
| 212|0x00000000ed400000, 0x00000000ed400000, 0x00000000ed500000|  0%| F|  |TAMS 0x00000000ed400000, 0x00000000ed400000| Untracked 
| 213|0x00000000ed500000, 0x00000000ed500000, 0x00000000ed600000|  0%| F|  |TAMS 0x00000000ed500000, 0x00000000ed500000| Untracked 
| 214|0x00000000ed600000, 0x00000000ed600000, 0x00000000ed700000|  0%| F|  |TAMS 0x00000000ed600000, 0x00000000ed600000| Untracked 
| 215|0x00000000ed700000, 0x00000000ed700000, 0x00000000ed800000|  0%| F|  |TAMS 0x00000000ed700000, 0x00000000ed700000| Untracked 
| 216|0x00000000ed800000, 0x00000000ed800000, 0x00000000ed900000|  0%| F|  |TAMS 0x00000000ed800000, 0x00000000ed800000| Untracked 
| 217|0x00000000ed900000, 0x00000000ed900000, 0x00000000eda00000|  0%| F|  |TAMS 0x00000000ed900000, 0x00000000ed900000| Untracked 
| 218|0x00000000eda00000, 0x00000000eda00000, 0x00000000edb00000|  0%| F|  |TAMS 0x00000000eda00000, 0x00000000eda00000| Untracked 
| 219|0x00000000edb00000, 0x00000000edb00000, 0x00000000edc00000|  0%| F|  |TAMS 0x00000000edb00000, 0x00000000edb00000| Untracked 
| 220|0x00000000edc00000, 0x00000000edc00000, 0x00000000edd00000|  0%| F|  |TAMS 0x00000000edc00000, 0x00000000edc00000| Untracked 
| 221|0x00000000edd00000, 0x00000000edd00000, 0x00000000ede00000|  0%| F|  |TAMS 0x00000000edd00000, 0x00000000edd00000| Untracked 
| 222|0x00000000ede00000, 0x00000000ede00000, 0x00000000edf00000|  0%| F|  |TAMS 0x00000000ede00000, 0x00000000ede00000| Untracked 
| 223|0x00000000edf00000, 0x00000000edf00000, 0x00000000ee000000|  0%| F|  |TAMS 0x00000000edf00000, 0x00000000edf00000| Untracked 
| 224|0x00000000ee000000, 0x00000000ee000000, 0x00000000ee100000|  0%| F|  |TAMS 0x00000000ee000000, 0x00000000ee000000| Untracked 
| 225|0x00000000ee100000, 0x00000000ee100000, 0x00000000ee200000|  0%| F|  |TAMS 0x00000000ee100000, 0x00000000ee100000| Untracked 
| 226|0x00000000ee200000, 0x00000000ee200000, 0x00000000ee300000|  0%| F|  |TAMS 0x00000000ee200000, 0x00000000ee200000| Untracked 
| 227|0x00000000ee300000, 0x00000000ee300000, 0x00000000ee400000|  0%| F|  |TAMS 0x00000000ee300000, 0x00000000ee300000| Untracked 
| 228|0x00000000ee400000, 0x00000000ee400000, 0x00000000ee500000|  0%| F|  |TAMS 0x00000000ee400000, 0x00000000ee400000| Untracked 
| 229|0x00000000ee500000, 0x00000000ee500000, 0x00000000ee600000|  0%| F|  |TAMS 0x00000000ee500000, 0x00000000ee500000| Untracked 
| 230|0x00000000ee600000, 0x00000000ee600000, 0x00000000ee700000|  0%| F|  |TAMS 0x00000000ee600000, 0x00000000ee600000| Untracked 
| 231|0x00000000ee700000, 0x00000000ee700000, 0x00000000ee800000|  0%| F|  |TAMS 0x00000000ee700000, 0x00000000ee700000| Untracked 
| 232|0x00000000ee800000, 0x00000000ee800000, 0x00000000ee900000|  0%| F|  |TAMS 0x00000000ee800000, 0x00000000ee800000| Untracked 
| 233|0x00000000ee900000, 0x00000000ee900000, 0x00000000eea00000|  0%| F|  |TAMS 0x00000000ee900000, 0x00000000ee900000| Untracked 
| 234|0x00000000eea00000, 0x00000000eea00000, 0x00000000eeb00000|  0%| F|  |TAMS 0x00000000eea00000, 0x00000000eea00000| Untracked 
| 235|0x00000000eeb00000, 0x00000000eeb00000, 0x00000000eec00000|  0%| F|  |TAMS 0x00000000eeb00000, 0x00000000eeb00000| Untracked 
| 236|0x00000000eec00000, 0x00000000eec00000, 0x00000000eed00000|  0%| F|  |TAMS 0x00000000eec00000, 0x00000000eec00000| Untracked 
| 237|0x00000000eed00000, 0x00000000eed00000, 0x00000000eee00000|  0%| F|  |TAMS 0x00000000eed00000, 0x00000000eed00000| Untracked 
| 238|0x00000000eee00000, 0x00000000eee00000, 0x00000000eef00000|  0%| F|  |TAMS 0x00000000eee00000, 0x00000000eee00000| Untracked 
| 239|0x00000000eef00000, 0x00000000eef00000, 0x00000000ef000000|  0%| F|  |TAMS 0x00000000eef00000, 0x00000000eef00000| Untracked 
| 240|0x00000000ef000000, 0x00000000ef000000, 0x00000000ef100000|  0%| F|  |TAMS 0x00000000ef000000, 0x00000000ef000000| Untracked 
| 241|0x00000000ef100000, 0x00000000ef100000, 0x00000000ef200000|  0%| F|  |TAMS 0x00000000ef100000, 0x00000000ef100000| Untracked 
| 242|0x00000000ef200000, 0x00000000ef200000, 0x00000000ef300000|  0%| F|  |TAMS 0x00000000ef200000, 0x00000000ef200000| Untracked 
| 243|0x00000000ef300000, 0x00000000ef300000, 0x00000000ef400000|  0%| F|  |TAMS 0x00000000ef300000, 0x00000000ef300000| Untracked 
| 244|0x00000000ef400000, 0x00000000ef480800, 0x00000000ef500000| 50%| E|  |TAMS 0x00000000ef400000, 0x00000000ef400000| Complete 
| 245|0x00000000ef500000, 0x00000000ef600000, 0x00000000ef600000|100%| E|CS|TAMS 0x00000000ef500000, 0x00000000ef500000| Complete 
| 246|0x00000000ef600000, 0x00000000ef700000, 0x00000000ef700000|100%| E|CS|TAMS 0x00000000ef600000, 0x00000000ef600000| Complete 
| 247|0x00000000ef700000, 0x00000000ef800000, 0x00000000ef800000|100%| E|CS|TAMS 0x00000000ef700000, 0x00000000ef700000| Complete 
| 248|0x00000000ef800000, 0x00000000ef900000, 0x00000000ef900000|100%| E|CS|TAMS 0x00000000ef800000, 0x00000000ef800000| Complete 
| 249|0x00000000ef900000, 0x00000000efa00000, 0x00000000efa00000|100%| E|CS|TAMS 0x00000000ef900000, 0x00000000ef900000| Complete 
| 250|0x00000000efa00000, 0x00000000efb00000, 0x00000000efb00000|100%| E|CS|TAMS 0x00000000efa00000, 0x00000000efa00000| Complete 
| 251|0x00000000efb00000, 0x00000000efc00000, 0x00000000efc00000|100%| E|CS|TAMS 0x00000000efb00000, 0x00000000efb00000| Complete 
| 252|0x00000000efc00000, 0x00000000efd00000, 0x00000000efd00000|100%| E|CS|TAMS 0x00000000efc00000, 0x00000000efc00000| Complete 
| 253|0x00000000efd00000, 0x00000000efe00000, 0x00000000efe00000|100%| E|CS|TAMS 0x00000000efd00000, 0x00000000efd00000| Complete 
| 254|0x00000000efe00000, 0x00000000eff00000, 0x00000000eff00000|100%| E|CS|TAMS 0x00000000efe00000, 0x00000000efe00000| Complete 
| 255|0x00000000eff00000, 0x00000000f0000000, 0x00000000f0000000|100%| E|CS|TAMS 0x00000000eff00000, 0x00000000eff00000| Complete 

Card table byte_map: [0x000001d097530000,0x000001d097630000] _byte_map_base: 0x000001d096e30000

Marking Bits (Prev, Next): (CMBitMap*) 0x000001d0ffbc38a0, (CMBitMap*) 0x000001d0ffbc3860
 Prev Bits: [0x000001d097f30000, 0x000001d098730000)
 Next Bits: [0x000001d097730000, 0x000001d097f30000)

Polling page: 0x000001d0fdb00000

Metaspace:

Usage:
  Non-class:     18.73 MB capacity,    18.37 MB ( 98%) used,   343.49 KB (  2%) free+waste,    28.63 KB ( <1%) overhead. 
      Class:      3.24 MB capacity,     3.12 MB ( 96%) used,   108.99 KB (  3%) free+waste,    13.19 KB ( <1%) overhead. 
       Both:     21.97 MB capacity,    21.48 MB ( 98%) used,   452.48 KB (  2%) free+waste,    41.81 KB ( <1%) overhead. 

Virtual space:
  Non-class space:       20.00 MB reserved,      18.92 MB ( 95%) committed 
      Class space:      248.00 MB reserved,       3.25 MB (  1%) committed 
             Both:      268.00 MB reserved,      22.17 MB (  8%) committed 

Chunk freelists:
   Non-Class:  67.00 KB
       Class:  15.00 KB
        Both:  82.00 KB

MaxMetaspaceSize: 256.00 MB
CompressedClassSpaceSize: 248.00 MB

CodeHeap 'non-profiled nmethods': size=120000Kb used=1280Kb max_used=1280Kb free=118719Kb
 bounds [0x000001d08ff00000, 0x000001d090170000, 0x000001d097430000]
CodeHeap 'profiled nmethods': size=120000Kb used=5312Kb max_used=5312Kb free=114687Kb
 bounds [0x000001d0889d0000, 0x000001d088f10000, 0x000001d08ff00000]
CodeHeap 'non-nmethods': size=5760Kb used=1239Kb max_used=1316Kb free=4520Kb
 bounds [0x000001d088430000, 0x000001d0886a0000, 0x000001d0889d0000]
 total_blobs=3099 nmethods=2588 adapters=423
 compilation: enabled
              stopped_count=0, restarted_count=0
 full_count=0

Compilation events (20 events):
Event: 7.175 Thread 0x000001d09b1678d0 2600       3       org.gradle.internal.hash.Hashing$MessageDigestHasher::getDigest (22 bytes)
Event: 7.175 Thread 0x000001d09b1678d0 nmethod 2600 0x000001d088efbe90 code [0x000001d088efc040, 0x000001d088efc268]
Event: 7.176 Thread 0x000001d09b1678d0 2601       3       java.nio.HeapByteBuffer::byteOffset (7 bytes)
Event: 7.176 Thread 0x000001d09b1678d0 nmethod 2601 0x000001d088efc390 code [0x000001d088efc520, 0x000001d088efc618]
Event: 7.178 Thread 0x000001d09b1678d0 2602       3       java.lang.Enum::hashCode (5 bytes)
Event: 7.178 Thread 0x000001d09b1678d0 nmethod 2602 0x000001d088efc690 code [0x000001d088efc840, 0x000001d088efc968]
Event: 7.182 Thread 0x000001d09b1678d0 2604       3       jdk.internal.org.objectweb.asm.SymbolTable::addUninitializedType (103 bytes)
Event: 7.183 Thread 0x000001d09b1678d0 nmethod 2604 0x000001d088efca10 code [0x000001d088efcc00, 0x000001d088efd198]
Event: 7.183 Thread 0x000001d09b1678d0 2603       3       jdk.internal.org.objectweb.asm.MethodWriter::addSuccessorToCurrentBasicBlock (24 bytes)
Event: 7.183 Thread 0x000001d09b1678d0 nmethod 2603 0x000001d088efd490 code [0x000001d088efd640, 0x000001d088efd998]
Event: 7.197 Thread 0x000001d09b1678d0 2605       3       com.google.common.base.Preconditions::checkArgument (28 bytes)
Event: 7.198 Thread 0x000001d09b1678d0 nmethod 2605 0x000001d088efdb10 code [0x000001d088efdd00, 0x000001d088efe358]
Event: 7.198 Thread 0x000001d09b1678d0 2606       3       com.google.common.io.BaseEncoding$Alphabet::encode (7 bytes)
Event: 7.198 Thread 0x000001d09b1678d0 nmethod 2606 0x000001d088efe590 code [0x000001d088efe720, 0x000001d088efe858]
Event: 7.200 Thread 0x000001d09b1678d0 2607       3       java.util.regex.Pattern$TreeInfo::reset (21 bytes)
Event: 7.200 Thread 0x000001d09b1678d0 nmethod 2607 0x000001d088efe910 code [0x000001d088efeaa0, 0x000001d088efebb8]
Event: 7.201 Thread 0x000001d09b1678d0 2608       3       java.util.regex.Pattern$BmpCharPredicate$$Lambda$11/0x0000000800b59548::is (15 bytes)
Event: 7.201 Thread 0x000001d09b1678d0 nmethod 2608 0x000001d088efec90 code [0x000001d088efee40, 0x000001d088eff028]
Event: 7.201 Thread 0x000001d09b1678d0 2609       3       java.util.regex.Pattern$BmpCharPredicate::lambda$union$2 (26 bytes)
Event: 7.201 Thread 0x000001d09b1678d0 nmethod 2609 0x000001d088eff110 code [0x000001d088eff2c0, 0x000001d088eff5f8]

GC Heap History (6 events):
Event: 1.538 GC heap before
{Heap before GC invocations=0 (full 0):
 garbage-first heap   total 262144K, used 28672K [0x00000000e0000000, 0x0000000100000000)
  region size 1024K, 23 young (23552K), 0 survivors (0K)
 Metaspace       used 3375K, capacity 6224K, committed 6400K, reserved 262144K
  class space    used 427K, capacity 708K, committed 768K, reserved 253952K
}
Event: 1.546 GC heap after
{Heap after GC invocations=1 (full 0):
 garbage-first heap   total 262144K, used 9276K [0x00000000e0000000, 0x0000000100000000)
  region size 1024K, 3 young (3072K), 3 survivors (3072K)
 Metaspace       used 3375K, capacity 6224K, committed 6400K, reserved 262144K
  class space    used 427K, capacity 708K, committed 768K, reserved 253952K
}
Event: 2.287 GC heap before
{Heap before GC invocations=1 (full 0):
 garbage-first heap   total 262144K, used 34876K [0x00000000e0000000, 0x0000000100000000)
  region size 1024K, 28 young (28672K), 3 survivors (3072K)
 Metaspace       used 4314K, capacity 6739K, committed 7040K, reserved 262144K
  class space    used 521K, capacity 773K, committed 896K, reserved 253952K
}
Event: 2.291 GC heap after
{Heap after GC invocations=2 (full 0):
 garbage-first heap   total 262144K, used 10089K [0x00000000e0000000, 0x0000000100000000)
  region size 1024K, 1 young (1024K), 1 survivors (1024K)
 Metaspace       used 4314K, capacity 6739K, committed 7040K, reserved 262144K
  class space    used 521K, capacity 773K, committed 896K, reserved 253952K
}
Event: 6.789 GC heap before
{Heap before GC invocations=2 (full 0):
 garbage-first heap   total 262144K, used 115561K [0x00000000e0000000, 0x0000000100000000)
  region size 1024K, 105 young (107520K), 1 survivors (1024K)
 Metaspace       used 20700K, capacity 21114K, committed 21296K, reserved 272384K
  class space    used 2976K, capacity 3109K, committed 3200K, reserved 253952K
}
Event: 6.804 GC heap after
{Heap after GC invocations=3 (full 0):
 garbage-first heap   total 262144K, used 19816K [0x00000000e0000000, 0x0000000100000000)
  region size 1024K, 11 young (11264K), 11 survivors (11264K)
 Metaspace       used 20700K, capacity 21114K, committed 21296K, reserved 272384K
  class space    used 2976K, capacity 3109K, committed 3200K, reserved 253952K
}

Deoptimization events (20 events):
Event: 4.915 Thread 0x000001d09b15f840 Uncommon trap: trap_request=0xffffff45 fr.pc=0x000001d08ff76710 relative=0x00000000000005d0
Event: 4.915 Thread 0x000001d09b15f840 Uncommon trap: reason=unstable_if action=reinterpret pc=0x000001d08ff76710 method=java.io.File.getName()Ljava/lang/String; @ 16 c2
Event: 4.915 Thread 0x000001d09b15f840 DEOPT PACKING pc=0x000001d08ff76710 sp=0x0000005a36bfb7d0
Event: 4.915 Thread 0x000001d09b15f840 DEOPT UNPACKING pc=0x000001d08847e42f sp=0x0000005a36bfb7a0 mode 2
Event: 5.482 Thread 0x000001d09b15f840 Uncommon trap: trap_request=0xffffff45 fr.pc=0x000001d08ff3d624 relative=0x0000000000000264
Event: 5.482 Thread 0x000001d09b15f840 Uncommon trap: reason=unstable_if action=reinterpret pc=0x000001d08ff3d624 method=java.util.HashMap.getNode(Ljava/lang/Object;)Ljava/util/HashMap$Node; @ 66 c2
Event: 5.482 Thread 0x000001d09b15f840 DEOPT PACKING pc=0x000001d08ff3d624 sp=0x0000005a36bfb040
Event: 5.482 Thread 0x000001d09b15f840 DEOPT UNPACKING pc=0x000001d08847e42f sp=0x0000005a36bfafc0 mode 2
Event: 5.512 Thread 0x000001d09b15f840 Uncommon trap: trap_request=0xffffff45 fr.pc=0x000001d08ffc1e94 relative=0x0000000000000274
Event: 5.512 Thread 0x000001d09b15f840 Uncommon trap: reason=unstable_if action=reinterpret pc=0x000001d08ffc1e94 method=java.util.concurrent.ConcurrentHashMap.get(Ljava/lang/Object;)Ljava/lang/Object; @ 76 c2
Event: 5.512 Thread 0x000001d09b15f840 DEOPT PACKING pc=0x000001d08ffc1e94 sp=0x0000005a36bfa600
Event: 5.512 Thread 0x000001d09b15f840 DEOPT UNPACKING pc=0x000001d08847e42f sp=0x0000005a36bfa568 mode 2
Event: 6.180 Thread 0x000001d09b15f840 Uncommon trap: trap_request=0xffffff76 fr.pc=0x000001d090021d38 relative=0x0000000000000178
Event: 6.180 Thread 0x000001d09b15f840 Uncommon trap: reason=predicate action=maybe_recompile pc=0x000001d090021d38 method=com.google.common.base.CharMatcher.indexIn(Ljava/lang/CharSequence;I)I @ 19 c2
Event: 6.180 Thread 0x000001d09b15f840 DEOPT PACKING pc=0x000001d090021d38 sp=0x0000005a36bfbbc0
Event: 6.180 Thread 0x000001d09b15f840 DEOPT UNPACKING pc=0x000001d08847e42f sp=0x0000005a36bfbb50 mode 2
Event: 6.708 Thread 0x000001d09b15f840 Uncommon trap: trap_request=0xffffff45 fr.pc=0x000001d08ff57684 relative=0x00000000000004c4
Event: 6.708 Thread 0x000001d09b15f840 Uncommon trap: reason=unstable_if action=reinterpret pc=0x000001d08ff57684 method=java.util.HashMap.hash(Ljava/lang/Object;)I @ 1 c2
Event: 6.708 Thread 0x000001d09b15f840 DEOPT PACKING pc=0x000001d08ff57684 sp=0x0000005a36bf8280
Event: 6.708 Thread 0x000001d09b15f840 DEOPT UNPACKING pc=0x000001d08847e42f sp=0x0000005a36bf8128 mode 2

Classes unloaded (0 events):
No events

Classes redefined (0 events):
No events

Internal exceptions (20 events):
Event: 5.927 Thread 0x000001d09b15f840 Exception <a 'java/lang/NoSuchMethodError'{0x00000000eb0bee20}: 'int java.lang.invoke.DirectMethodHandle$Holder.invokeStaticInit(java.lang.Object, java.lang.Object, java.lang.Object)'> (0x00000000eb0bee20) 
thrown [./src/hotspot/share/interpreter/linkResolver.cpp, line 782]
Event: 6.223 Thread 0x000001d09b15f840 Exception <a 'java/lang/NoSuchMethodError'{0x00000000ea73ff88}: 'void java.lang.invoke.DirectMethodHandle$Holder.invokeStatic(java.lang.Object, java.lang.Object, java.lang.Object, java.lang.Object)'> (0x00000000ea73ff88) 
thrown [./src/hotspot/share/interpreter/linkResolver.cpp, line 782]
Event: 6.226 Thread 0x000001d09b15f840 Exception <a 'java/lang/NoSuchMethodError'{0x00000000ea754288}: 'int java.lang.invoke.DirectMethodHandle$Holder.invokeVirtual(java.lang.Object, java.lang.Object)'> (0x00000000ea754288) 
thrown [./src/hotspot/share/interpreter/linkResolver.cpp, line 782]
Event: 6.230 Thread 0x000001d09b15f840 Exception <a 'java/lang/NoSuchMethodError'{0x00000000ea76b100}: 'java.lang.Object java.lang.invoke.DirectMethodHandle$Holder.invokeVirtual(java.lang.Object, java.lang.Object, java.lang.Object)'> (0x00000000ea76b100) 
thrown [./src/hotspot/share/interpreter/linkResolver.cpp, line 782]
Event: 6.237 Thread 0x000001d09b15f840 Exception <a 'java/lang/NoSuchMethodError'{0x00000000ea613e08}: 'int java.lang.invoke.DirectMethodHandle$Holder.invokeVirtual(java.lang.Object, java.lang.Object, java.lang.Object)'> (0x00000000ea613e08) 
thrown [./src/hotspot/share/interpreter/linkResolver.cpp, line 782]
Event: 6.495 Thread 0x000001d09b15f840 Exception <a 'java/lang/NoSuchMethodError'{0x00000000e9e2efd0}: 'java.lang.Object java.lang.invoke.DirectMethodHandle$Holder.invokeSpecialIFC(java.lang.Object, java.lang.Object, java.lang.Object, java.lang.Object)'> (0x00000000e9e2efd0) 
thrown [./src/hotspot/share/interpreter/linkResolver.cpp, line 782]
Event: 6.708 Thread 0x000001d09b15f840 Implicit null exception at 0x000001d08ff57213 to 0x000001d08ff57668
Event: 6.811 Thread 0x000001d09b15f840 Exception <a 'java/lang/NoSuchMethodError'{0x00000000eff45538}: 'java.lang.Object java.lang.invoke.DirectMethodHandle$Holder.invokeSpecial(java.lang.Object, java.lang.Object, java.lang.Object, java.lang.Object, java.lang.Object, java.lang.Object, java.lang.Object, java.lang.Object, java.lang.Object, java.lang.Object, java.lang.Object, java.lang.Object, java.lang.Object)'> (0x00000000eff45538) 
thrown [./src/hotspot/share/interpreter/linkResolver.cpp, line 782]
Event: 6.812 Thread 0x000001d09b15f840 Exception <a 'java/lang/NoSuchMethodError'{0x00000000eff59a88}: 'java.lang.Object java.lang.invoke.DirectMethodHandle$Holder.newInvokeSpecial(java.lang.Object, java.lang.Object, java.lang.Object, java.lang.Object, java.lang.Object, java.lang.Object, java.lang.Object, java.lang.Object, java.lang.Object, java.lang.Object, java.lang.Object)'> (0x00000000eff59a88) 
thrown [./src/hotspot/share/interpreter/linkResolver.cpp, line 782]
Event: 6.813 Thread 0x000001d09b15f840 Exception <a 'java/lang/NoSuchMethodError'{0x00000000eff5f7c8}: 'java.lang.Object java.lang.invoke.DirectMethodHandle$Holder.invokeSpecial(java.lang.Object, java.lang.Object, java.lang.Object, java.lang.Object, java.lang.Object, java.lang.Object, java.lang.Object, java.lang.Object, java.lang.Object, java.lang.Object, java.lang.Object, java.lang.Object)'> (0x00000000eff5f7c8) 
thrown [./src/hotspot/share/interpreter/linkResolver.cpp, line 782]
Event: 6.814 Thread 0x000001d09b15f840 Exception <a 'java/lang/NoSuchMethodError'{0x00000000eff64db8}: 'java.lang.Object java.lang.invoke.Invokers$Holder.linkToTargetMethod(java.lang.Object, java.lang.Object, java.lang.Object, java.lang.Object, java.lang.Object, java.lang.Object, java.lang.Object, java.lang.Object, java.lang.Object, java.lang.Object, java.lang.Object)'> (0x00000000eff64db8) 
thrown [./src/hotspot/share/interpreter/linkResolver.cpp, line 782]
Event: 6.833 Thread 0x000001d09b15f840 Exception <a 'java/lang/NoSuchMethodError'{0x00000000effac000}: 'java.lang.Object java.lang.invoke.DirectMethodHandle$Holder.invokeSpecial(java.lang.Object, java.lang.Object, java.lang.Object, java.lang.Object, java.lang.Object, java.lang.Object, java.lang.Object, java.lang.Object, java.lang.Object, java.lang.Object, java.lang.Object, java.lang.Object, java.lang.Object, java.lang.Object)'> (0x00000000effac000) 
thrown [./src/hotspot/share/interpreter/linkResolver.cpp, line 782]
Event: 6.834 Thread 0x000001d09b15f840 Exception <a 'java/lang/NoSuchMethodError'{0x00000000efe11808}: 'java.lang.Object java.lang.invoke.DirectMethodHandle$Holder.newInvokeSpecial(java.lang.Object, java.lang.Object, java.lang.Object, java.lang.Object, java.lang.Object, java.lang.Object, java.lang.Object, java.lang.Object, java.lang.Object, java.lang.Object, java.lang.Object, java.lang.Object)'> (0x00000000efe11808) 
thrown [./src/hotspot/share/interpreter/linkResolver.cpp, line 782]
Event: 6.835 Thread 0x000001d09b15f840 Exception <a 'java/lang/NoSuchMethodError'{0x00000000efe17008}: 'java.lang.Object java.lang.invoke.Invokers$Holder.linkToTargetMethod(java.lang.Object, java.lang.Object, java.lang.Object, java.lang.Object, java.lang.Object, java.lang.Object, java.lang.Object, java.lang.Object, java.lang.Object, java.lang.Object, java.lang.Object, java.lang.Object)'> (0x00000000efe17008) 
thrown [./src/hotspot/share/interpreter/linkResolver.cpp, line 782]
Event: 6.868 Thread 0x000001d09b15f840 Exception <a 'java/lang/NoSuchMethodError'{0x00000000efef6270}: 'java.lang.Object java.lang.invoke.DirectMethodHandle$Holder.invokeStaticInit(java.lang.Object, java.lang.Object, java.lang.Object, java.lang.Object)'> (0x00000000efef6270) 
thrown [./src/hotspot/share/interpreter/linkResolver.cpp, line 782]
Event: 7.143 Thread 0x000001d09b15f840 Exception <a 'java/lang/NoSuchMethodError'{0x00000000ef8ba938}: 'java.lang.Object java.lang.invoke.DirectMethodHandle$Holder.newInvokeSpecial(java.lang.Object, java.lang.Object, java.lang.Object, java.lang.Object, java.lang.Object, java.lang.Object, java.lang.Object, java.lang.Object)'> (0x00000000ef8ba938) 
thrown [./src/hotspot/share/interpreter/linkResolver.cpp, line 782]
Event: 7.143 Thread 0x000001d09b15f840 Exception <a 'java/lang/NoSuchMethodError'{0x00000000ef8c0828}: 'java.lang.Object java.lang.invoke.Invokers$Holder.linkToTargetMethod(java.lang.Object, java.lang.Object, java.lang.Object, java.lang.Object, java.lang.Object, java.lang.Object, java.lang.Object, java.lang.Object)'> (0x00000000ef8c0828) 
thrown [./src/hotspot/share/interpreter/linkResolver.cpp, line 782]
Event: 7.150 Thread 0x000001d09b15f840 Exception <a 'java/lang/NoSuchMethodError'{0x00000000ef8f9e60}: 'java.lang.Object java.lang.invoke.DirectMethodHandle$Holder.newInvokeSpecial(java.lang.Object, java.lang.Object, java.lang.Object, java.lang.Object, java.lang.Object, java.lang.Object, java.lang.Object)'> (0x00000000ef8f9e60) 
thrown [./src/hotspot/share/interpreter/linkResolver.cpp, line 782]
Event: 7.152 Thread 0x000001d09b15f840 Exception <a 'java/lang/NoSuchMethodError'{0x00000000ef8ff258}: 'java.lang.Object java.lang.invoke.Invokers$Holder.linkToTargetMethod(java.lang.Object, java.lang.Object, java.lang.Object, java.lang.Object, java.lang.Object, java.lang.Object, java.lang.Object)'> (0x00000000ef8ff258) 
thrown [./src/hotspot/share/interpreter/linkResolver.cpp, line 782]
Event: 7.164 Thread 0x000001d09b15f840 Exception <a 'java/lang/IncompatibleClassChangeError'{0x00000000ef740d88}: Found class java.lang.Object, but interface was expected> (0x00000000ef740d88) 
thrown [./src/hotspot/share/interpreter/linkResolver.cpp, line 848]

Events (20 events):
Event: 6.480 Thread 0x000001d09d3569c0 Thread added: 0x000001d09d3569c0
Event: 6.546 Thread 0x000001d09d359040 Thread added: 0x000001d09d359040
Event: 6.715 Executing VM operation: HandshakeAllThreads
Event: 6.715 Executing VM operation: HandshakeAllThreads done
Event: 6.718 loading class java/lang/Class$EnclosingMethodInfo
Event: 6.718 loading class java/lang/Class$EnclosingMethodInfo done
Event: 6.721 loading class sun/reflect/generics/tree/IntSignature
Event: 6.722 loading class sun/reflect/generics/tree/IntSignature done
Event: 6.722 loading class sun/reflect/generics/tree/ArrayTypeSignature
Event: 6.722 loading class sun/reflect/generics/tree/ArrayTypeSignature done
Event: 6.732 loading class java/lang/SafeVarargs
Event: 6.732 loading class java/lang/SafeVarargs done
Event: 6.789 Executing VM operation: CollectForMetadataAllocation
Event: 6.804 Executing VM operation: CollectForMetadataAllocation done
Event: 6.820 Executing VM operation: G1Concurrent
Event: 6.824 Executing VM operation: G1Concurrent done
Event: 6.828 Executing VM operation: G1Concurrent
Event: 6.829 Executing VM operation: G1Concurrent done
Event: 6.852 Thread 0x000001d09d355b50 Thread added: 0x000001d09d355b50
Event: 6.909 Thread 0x000001d09d3599e0 Thread added: 0x000001d09d3599e0


Dynamic libraries:
0x00007ff6734d0000 - 0x00007ff6734dd000 	C:\Users\My\.jdks\corretto-15.0.2\bin\java.exe
0x00007ff9486d0000 - 0x00007ff9488e4000 	C:\WINDOWS\SYSTEM32\ntdll.dll
0x00007ff946f60000 - 0x00007ff947022000 	C:\WINDOWS\System32\KERNEL32.DLL
0x00007ff9460f0000 - 0x00007ff946493000 	C:\WINDOWS\System32\KERNELBASE.dll
0x00007ff945ac0000 - 0x00007ff945bd1000 	C:\WINDOWS\System32\ucrtbase.dll
0x00007ff93f6c0000 - 0x00007ff93f6d8000 	C:\Users\My\.jdks\corretto-15.0.2\bin\jli.dll
0x00007ff93fdd0000 - 0x00007ff93fde5000 	C:\Users\My\.jdks\corretto-15.0.2\bin\VCRUNTIME140.dll
0x00007ff947310000 - 0x00007ff9474bb000 	C:\WINDOWS\System32\USER32.dll
0x00007ff945df0000 - 0x00007ff945e16000 	C:\WINDOWS\System32\win32u.dll
0x00007ff92d5e0000 - 0x00007ff92d86e000 	C:\WINDOWS\WinSxS\amd64_microsoft.windows.common-controls_6595b64144ccf1df_6.0.22621.1635_none_270f70857386168e\COMCTL32.dll
0x00007ff947080000 - 0x00007ff9470a9000 	C:\WINDOWS\System32\GDI32.dll
0x00007ff946c20000 - 0x00007ff946cc7000 	C:\WINDOWS\System32\msvcrt.dll
0x00007ff945f60000 - 0x00007ff946078000 	C:\WINDOWS\System32\gdi32full.dll
0x00007ff945be0000 - 0x00007ff945c7a000 	C:\WINDOWS\System32\msvcp_win.dll
0x00007ff947040000 - 0x00007ff947071000 	C:\WINDOWS\System32\IMM32.DLL
0x00007ff908910000 - 0x00007ff9089ab000 	C:\Users\My\.jdks\corretto-15.0.2\bin\msvcp140.dll
0x00007ff906bf0000 - 0x00007ff907781000 	C:\Users\My\.jdks\corretto-15.0.2\bin\server\jvm.dll
0x00007ff9474e0000 - 0x00007ff94758e000 	C:\WINDOWS\System32\ADVAPI32.dll
0x00007ff946640000 - 0x00007ff9466e4000 	C:\WINDOWS\System32\sechost.dll
0x00007ff946d20000 - 0x00007ff946e37000 	C:\WINDOWS\System32\RPCRT4.dll
0x00007ff946bf0000 - 0x00007ff946bf8000 	C:\WINDOWS\System32\PSAPI.DLL
0x00007ff92d2b0000 - 0x00007ff92d2b9000 	C:\WINDOWS\SYSTEM32\WSOCK32.dll
0x00007ff93e7c0000 - 0x00007ff93e7f4000 	C:\WINDOWS\SYSTEM32\WINMM.dll
0x00007ff939a60000 - 0x00007ff939a6a000 	C:\WINDOWS\SYSTEM32\VERSION.dll
0x00007ff946b70000 - 0x00007ff946be1000 	C:\WINDOWS\System32\WS2_32.dll
0x00007ff944bc0000 - 0x00007ff944bd8000 	C:\WINDOWS\SYSTEM32\kernel.appcore.dll
0x00007ff93fa40000 - 0x00007ff93fa4a000 	C:\Users\My\.jdks\corretto-15.0.2\bin\jimage.dll
0x00007ff9433a0000 - 0x00007ff9435ce000 	C:\WINDOWS\SYSTEM32\DBGHELP.DLL
0x00007ff9467e0000 - 0x00007ff946b69000 	C:\WINDOWS\System32\combase.dll
0x00007ff9477a0000 - 0x00007ff947877000 	C:\WINDOWS\System32\OLEAUT32.dll
0x00007ff92ae30000 - 0x00007ff92ae62000 	C:\WINDOWS\SYSTEM32\dbgcore.DLL
0x00007ff945ee0000 - 0x00007ff945f5b000 	C:\WINDOWS\System32\bcryptPrimitives.dll
0x00007ff9308a0000 - 0x00007ff9308c5000 	C:\Users\My\.jdks\corretto-15.0.2\bin\java.dll
0x00007ff947d00000 - 0x00007ff9484fa000 	C:\WINDOWS\System32\SHELL32.dll
0x00007ff943a80000 - 0x00007ff94434e000 	C:\WINDOWS\SYSTEM32\windows.storage.dll
0x00007ff943940000 - 0x00007ff943a7e000 	C:\WINDOWS\SYSTEM32\wintypes.dll
0x00007ff948560000 - 0x00007ff948651000 	C:\WINDOWS\System32\SHCORE.dll
0x00007ff946770000 - 0x00007ff9467ce000 	C:\WINDOWS\System32\shlwapi.dll
0x00007ff9459f0000 - 0x00007ff945a11000 	C:\WINDOWS\SYSTEM32\profapi.dll
0x00007ff93cb70000 - 0x00007ff93cb89000 	C:\Users\My\.jdks\corretto-15.0.2\bin\net.dll
0x00007ff93ce90000 - 0x00007ff93cfc7000 	C:\WINDOWS\SYSTEM32\WINHTTP.dll
0x00007ff945020000 - 0x00007ff945089000 	C:\WINDOWS\system32\mswsock.dll
0x00007ff930de0000 - 0x00007ff930df2000 	C:\Users\My\.jdks\corretto-15.0.2\bin\nio.dll
0x00007ff9306e0000 - 0x00007ff9306f8000 	C:\Users\My\.jdks\corretto-15.0.2\bin\zip.dll
0x00007ff93f690000 - 0x00007ff93f6a0000 	C:\Users\My\.jdks\corretto-15.0.2\bin\verify.dll
0x00007ff91e930000 - 0x00007ff91e957000 	C:\Users\My\.gradle\native\e1d6ef7f7dcc3fd88c89a11ec53ec762bb8ba0a96d01ffa2cd45eb1d1d8dd5c5\windows-amd64\native-platform.dll
0x00007ff8f3e70000 - 0x00007ff8f3fb4000 	C:\Users\My\.gradle\native\0d407fdbe67a94daf76414ababcb853783967236a71b16ec16e742cd7a986fd3\windows-amd64\native-platform-file-events.dll
0x00007ff93ea00000 - 0x00007ff93ea09000 	C:\Users\My\.jdks\corretto-15.0.2\bin\management.dll
0x00007ff93d180000 - 0x00007ff93d18b000 	C:\Users\My\.jdks\corretto-15.0.2\bin\management_ext.dll
0x00007ff945340000 - 0x00007ff94535b000 	C:\WINDOWS\SYSTEM32\CRYPTSP.dll
0x00007ff944b30000 - 0x00007ff944b65000 	C:\WINDOWS\system32\rsaenh.dll
0x00007ff9450c0000 - 0x00007ff9450e8000 	C:\WINDOWS\SYSTEM32\USERENV.dll
0x00007ff945490000 - 0x00007ff9454b8000 	C:\WINDOWS\SYSTEM32\bcrypt.dll
0x00007ff945320000 - 0x00007ff94532c000 	C:\WINDOWS\SYSTEM32\CRYPTBASE.dll
0x00007ff944620000 - 0x00007ff94464d000 	C:\WINDOWS\SYSTEM32\IPHLPAPI.DLL
0x00007ff947140000 - 0x00007ff947149000 	C:\WINDOWS\System32\NSI.dll
0x00007ff93cd20000 - 0x00007ff93cd39000 	C:\WINDOWS\SYSTEM32\dhcpcsvc6.DLL
0x00007ff93cd80000 - 0x00007ff93cd9f000 	C:\WINDOWS\SYSTEM32\dhcpcsvc.DLL
0x00007ff944690000 - 0x00007ff944783000 	C:\WINDOWS\SYSTEM32\DNSAPI.dll

dbghelp: loaded successfully - version: 4.0.5 - missing functions: none
symbol engine: initialized successfully - sym options: 0x614 - pdb path: .;C:\Users\My\.jdks\corretto-15.0.2\bin;C:\WINDOWS\SYSTEM32;C:\WINDOWS\WinSxS\amd64_microsoft.windows.common-controls_6595b64144ccf1df_6.0.22621.1635_none_270f70857386168e;C:\Users\My\.jdks\corretto-15.0.2\bin\server;C:\Users\My\.gradle\native\e1d6ef7f7dcc3fd88c89a11ec53ec762bb8ba0a96d01ffa2cd45eb1d1d8dd5c5\windows-amd64;C:\Users\My\.gradle\native\0d407fdbe67a94daf76414ababcb853783967236a71b16ec16e742cd7a986fd3\windows-amd64

VM Arguments:
jvm_args: --add-opens=java.base/java.util=ALL-UNNAMED --add-opens=java.base/java.lang=ALL-UNNAMED --add-opens=java.base/java.lang.invoke=ALL-UNNAMED --add-opens=java.base/java.util=ALL-UNNAMED --add-opens=java.prefs/java.util.prefs=ALL-UNNAMED --add-opens=java.prefs/java.util.prefs=ALL-UNNAMED --add-opens=java.base/java.nio.charset=ALL-UNNAMED --add-opens=java.base/java.net=ALL-UNNAMED --add-opens=java.base/java.util.concurrent.atomic=ALL-UNNAMED -XX:MaxMetaspaceSize=256m -XX:+HeapDumpOnOutOfMemoryError -Xms256m -Xmx512m -Dfile.encoding=windows-1252 -Duser.country=IT -Duser.language=it -Duser.variant 
java_command: org.gradle.launcher.daemon.bootstrap.GradleDaemon 7.4.2
java_class_path (initial): C:\Users\My\.gradle\wrapper\dists\gradle-7.4.2-bin\48ivgl02cpt2ed3fh9dbalvx8\gradle-7.4.2\lib\gradle-launcher-7.4.2.jar
Launcher Type: SUN_STANDARD

[Global flags]
     intx CICompilerCount                          = 4                                         {product} {ergonomic}
   size_t CompressedClassSpaceSize                 = 260046848                                 {product} {ergonomic}
     uint ConcGCThreads                            = 2                                         {product} {ergonomic}
     uint G1ConcRefinementThreads                  = 8                                         {product} {ergonomic}
   size_t G1HeapRegionSize                         = 1048576                                   {product} {ergonomic}
    uintx GCDrainStackTargetSize                   = 64                                        {product} {ergonomic}
     bool HeapDumpOnOutOfMemoryError               = true                                   {manageable} {command line}
   size_t InitialHeapSize                          = 268435456                                 {product} {command line}
   size_t MarkStackSize                            = 4194304                                   {product} {ergonomic}
   size_t MaxHeapSize                              = 536870912                                 {product} {command line}
   size_t MaxMetaspaceSize                         = 268435456                                 {product} {command line}
   size_t MaxNewSize                               = 321912832                                 {product} {ergonomic}
   size_t MinHeapDeltaBytes                        = 1048576                                   {product} {ergonomic}
   size_t MinHeapSize                              = 268435456                                 {product} {command line}
    uintx NonNMethodCodeHeapSize                   = 5839372                                {pd product} {ergonomic}
    uintx NonProfiledCodeHeapSize                  = 122909434                              {pd product} {ergonomic}
    uintx ProfiledCodeHeapSize                     = 122909434                              {pd product} {ergonomic}
    uintx ReservedCodeCacheSize                    = 251658240                              {pd product} {ergonomic}
     bool SegmentedCodeCache                       = true                                      {product} {ergonomic}
   size_t SoftMaxHeapSize                          = 536870912                              {manageable} {ergonomic}
     bool UseCompressedClassPointers               = true                                 {lp64_product} {ergonomic}
     bool UseCompressedOops                        = true                                 {lp64_product} {ergonomic}
     bool UseG1GC                                  = true                                      {product} {ergonomic}
     bool UseLargePagesIndividualAllocation        = false                                  {pd product} {ergonomic}

Logging:
Log output configuration:
 #0: stdout all=warning uptime,level,tags
 #1: stderr all=off uptime,level,tags

Environment Variables:
PATH=C:\Program Files\Common Files\Oracle\Java\javapath;C:\Program Files (x86)\Common Files\Oracle\Java\javapath;C:\Windows\system32;C:\Windows;C:\Windows\System32\Wbem;C:\Windows\System32\WindowsPowerShell\v1.0\;C:\Windows\System32\OpenSSH\;C:\Program Files (x86)\NVIDIA Corporation\PhysX\Common;C:\Program Files\Intel\WiFi\bin\;C:\Program Files\Common Files\Intel\WirelessCommon\;C:\Program Files\nodejs\;C:\Users\My\Documents\Gradle\gradle-6.2.2\bin;C:\Program Files\swipl\bin;C:\Users\My\AppData\Local\GitHubDesktop\bin;C:\Users\My\Downloads\Documents\Gradle\gradle-6.8.3\bin;C:\Program Files\Git\cmd;C:\WINDOWS\system32;C:\WINDOWS;C:\WINDOWS\System32\Wbem;C:\WINDOWS\System32\WindowsPowerShell\v1.0\;C:\WINDOWS\System32\OpenSSH\;C:\Program Files\PuTTY\;D:\Programmi\Gradle\gradle-7.6\bin;;C:\Program Files\Docker\Docker\resources\bin;C:\Users\My\AppData\Local\Programs\Python\Python37\Scripts\;C:\Users\My\AppData\Local\Programs\Python\Python37\;C:\Users\My\AppData\Local\Microsoft\WindowsApps;C:\Program Files\Java\jdk-14.0.2\bin;C:\Users\My\AppData\Roaming\npm;C:\Users\My\AppData\Local\Microsoft\WindowsApps;D:\JetBrains\IntelliJ IDEA Community Edition 2021.3.2\bin;;D:\Microsoft VS Code\bin;C:\Users\My\Downloads\Documents\Gradle\gradle-6.8.3\bin;C:\Users\My\AppData\Local\GitHubDesktop\bin;D:\texlive\2023\bin\windows
USERNAME=My
OS=Windows_NT
PROCESSOR_IDENTIFIER=Intel64 Family 6 Model 142 Stepping 12, GenuineIntel



---------------  S Y S T E M  ---------------

OS:
 Windows 10 , 64 bit Build 22621 (10.0.22621.1635)
OS uptime: 3 days 5:10 hours
HyperV virtualization detected

CPU: total 8 (initial active 8) (4 cores per cpu, 2 threads per core) family 6 model 142 stepping 12 microcode 0xde, cmov, cx8, fxsr, mmx, sse, sse2, sse3, ssse3, sse4.1, sse4.2, popcnt, vzeroupper, avx, avx2, aes, clmul, erms, 3dnowpref, lzcnt, ht, tsc, tscinvbit, bmi1, bmi2, adx, fma, clflush, clflushopt

Memory: 4k page, system-wide physical 8043M (224M free)
TotalPageFile size 20044M (AvailPageFile size 5M)
current process WorkingSet (physical memory assigned to process): 242M, peak: 242M
current process commit charge ("private bytes"): 426M, peak: 427M

vm_info: OpenJDK 64-Bit Server VM (15.0.2+7) for windows-amd64 JRE (15.0.2+7), built on Jan 20 2021 22:17:45 by "Administrator" with MS VC++ 15.9 (VS2017)

END.
